  [1m[36m (73.7ms)[0m  [1mCREATE TABLE "schema_migrations" ("version" varchar NOT NULL) [0m
  [1m[35m (0.1ms)[0m  select sqlite_version(*)
  [1m[36m (62.3ms)[0m  [1mCREATE UNIQUE INDEX "unique_schema_migrations" ON "schema_migrations" ("version")[0m
  [1m[35mActiveRecord::SchemaMigration Load (0.1ms)[0m  SELECT "schema_migrations".* FROM "schema_migrations"
Migrating to CreateMovies (20150809022253)
  [1m[36m (0.1ms)[0m  [1mbegin transaction[0m
DEPRECATION WARNING: `#timestamps` was called without specifying an option for `null`. In Rails 5, this behavior will change to `null: false`. You should manually specify `null: true` to prevent the behavior of your existing migrations from changing. (called from block in change at /home/codio/workspace/rottenpotatoes-rails-intro/db/migrate/20150809022253_create_movies.rb:10)
  [1m[35m (0.4ms)[0m  CREATE TABLE "movies" ("id" INTEGER PRIMARY KEY AUTOINCREMENT NOT NULL, "title" varchar, "rating" varchar, "description" text, "release_date" datetime, "created_at" datetime, "updated_at" datetime) 
  [1m[36mSQL (0.2ms)[0m  [1mINSERT INTO "schema_migrations" ("version") VALUES (?)[0m  [["version", "20150809022253"]]
  [1m[35m (65.7ms)[0m  commit transaction
  [1m[36mActiveRecord::SchemaMigration Load (0.1ms)[0m  [1mSELECT "schema_migrations".* FROM "schema_migrations"[0m
  [1m[36mActiveRecord::SchemaMigration Load (0.1ms)[0m  [1mSELECT "schema_migrations".* FROM "schema_migrations"[0m
  [1m[35m (0.1ms)[0m  begin transaction
  [1m[36mSQL (0.3ms)[0m  [1mINSERT INTO "movies" ("title", "rating", "release_date", "created_at", "updated_at") VALUES (?, ?, ?, ?, ?)[0m  [["title", "Aladdin"], ["rating", "G"], ["release_date", "1992-11-25 00:00:00.000000"], ["created_at", "2022-10-05 22:37:18.181121"], ["updated_at", "2022-10-05 22:37:18.181121"]]
  [1m[35m (65.1ms)[0m  commit transaction
  [1m[36m (0.1ms)[0m  [1mbegin transaction[0m
  [1m[35mSQL (0.2ms)[0m  INSERT INTO "movies" ("title", "rating", "release_date", "created_at", "updated_at") VALUES (?, ?, ?, ?, ?)  [["title", "The Terminator"], ["rating", "R"], ["release_date", "1984-10-26 00:00:00.000000"], ["created_at", "2022-10-05 22:37:18.248596"], ["updated_at", "2022-10-05 22:37:18.248596"]]
  [1m[36m (64.9ms)[0m  [1mcommit transaction[0m
  [1m[35m (0.1ms)[0m  begin transaction
  [1m[36mSQL (0.2ms)[0m  [1mINSERT INTO "movies" ("title", "rating", "release_date", "created_at", "updated_at") VALUES (?, ?, ?, ?, ?)[0m  [["title", "When Harry Met Sally"], ["rating", "R"], ["release_date", "1989-07-21 00:00:00.000000"], ["created_at", "2022-10-05 22:37:18.315632"], ["updated_at", "2022-10-05 22:37:18.315632"]]
  [1m[35m (66.5ms)[0m  commit transaction
  [1m[36m (0.1ms)[0m  [1mbegin transaction[0m
  [1m[35mSQL (0.2ms)[0m  INSERT INTO "movies" ("title", "rating", "release_date", "created_at", "updated_at") VALUES (?, ?, ?, ?, ?)  [["title", "The Help"], ["rating", "PG-13"], ["release_date", "2011-08-10 00:00:00.000000"], ["created_at", "2022-10-05 22:37:18.384045"], ["updated_at", "2022-10-05 22:37:18.384045"]]
  [1m[36m (71.9ms)[0m  [1mcommit transaction[0m
  [1m[35m (0.1ms)[0m  begin transaction
  [1m[36mSQL (0.2ms)[0m  [1mINSERT INTO "movies" ("title", "rating", "release_date", "created_at", "updated_at") VALUES (?, ?, ?, ?, ?)[0m  [["title", "Chocolat"], ["rating", "PG-13"], ["release_date", "2001-01-05 00:00:00.000000"], ["created_at", "2022-10-05 22:37:18.457753"], ["updated_at", "2022-10-05 22:37:18.457753"]]
  [1m[35m (66.5ms)[0m  commit transaction
  [1m[36m (0.1ms)[0m  [1mbegin transaction[0m
  [1m[35mSQL (0.2ms)[0m  INSERT INTO "movies" ("title", "rating", "release_date", "created_at", "updated_at") VALUES (?, ?, ?, ?, ?)  [["title", "Amelie"], ["rating", "R"], ["release_date", "2001-04-25 00:00:00.000000"], ["created_at", "2022-10-05 22:37:18.526126"], ["updated_at", "2022-10-05 22:37:18.526126"]]
  [1m[36m (62.4ms)[0m  [1mcommit transaction[0m
  [1m[35m (0.1ms)[0m  begin transaction
  [1m[36mSQL (0.2ms)[0m  [1mINSERT INTO "movies" ("title", "rating", "release_date", "created_at", "updated_at") VALUES (?, ?, ?, ?, ?)[0m  [["title", "2001: A Space Odyssey"], ["rating", "G"], ["release_date", "1968-04-06 00:00:00.000000"], ["created_at", "2022-10-05 22:37:18.590668"], ["updated_at", "2022-10-05 22:37:18.590668"]]
  [1m[35m (58.3ms)[0m  commit transaction
  [1m[36m (0.1ms)[0m  [1mbegin transaction[0m
  [1m[35mSQL (0.2ms)[0m  INSERT INTO "movies" ("title", "rating", "release_date", "created_at", "updated_at") VALUES (?, ?, ?, ?, ?)  [["title", "The Incredibles"], ["rating", "PG"], ["release_date", "2004-11-05 00:00:00.000000"], ["created_at", "2022-10-05 22:37:18.651244"], ["updated_at", "2022-10-05 22:37:18.651244"]]
  [1m[36m (54.5ms)[0m  [1mcommit transaction[0m
  [1m[35m (0.1ms)[0m  begin transaction
  [1m[36mSQL (0.2ms)[0m  [1mINSERT INTO "movies" ("title", "rating", "release_date", "created_at", "updated_at") VALUES (?, ?, ?, ?, ?)[0m  [["title", "Raiders of the Lost Ark"], ["rating", "PG"], ["release_date", "1981-06-12 00:00:00.000000"], ["created_at", "2022-10-05 22:37:18.708042"], ["updated_at", "2022-10-05 22:37:18.708042"]]
  [1m[35m (58.5ms)[0m  commit transaction
  [1m[36m (0.1ms)[0m  [1mbegin transaction[0m
  [1m[35mSQL (0.2ms)[0m  INSERT INTO "movies" ("title", "rating", "release_date", "created_at", "updated_at") VALUES (?, ?, ?, ?, ?)  [["title", "Chicken Run"], ["rating", "G"], ["release_date", "2000-06-21 00:00:00.000000"], ["created_at", "2022-10-05 22:37:18.768605"], ["updated_at", "2022-10-05 22:37:18.768605"]]
  [1m[36m (70.9ms)[0m  [1mcommit transaction[0m


Started GET "/" for 2607:f140:6000:d:45fd:82b3:9e82:c33a at 2022-10-05 22:37:50 +0000
Cannot render console from 2607:f140:6000:d:45fd:82b3:9e82:c33a! Allowed networks: 127.0.0.1, ::1, 127.0.0.0/127.255.255.255
  [1m[36mActiveRecord::SchemaMigration Load (0.2ms)[0m  [1mSELECT "schema_migrations".* FROM "schema_migrations"[0m
Processing by MoviesController#index as HTML
  [1m[35mMovie Load (0.3ms)[0m  SELECT "movies".* FROM "movies"
  Rendered movies/index.html.erb within layouts/application (13.9ms)
  Rendered layouts/_flash.erb (0.5ms)
Completed 200 OK in 422ms (Views: 420.2ms | ActiveRecord: 0.7ms)


Started GET "/assets/application.self-377610cd7c1509e934744c810e3b4cf672dfbcacac3274e7d039827e2ae0fcc7.js?body=1" for 2607:f140:6000:d:45fd:82b3:9e82:c33a at 2022-10-05 22:37:50 +0000
Cannot render console from 2607:f140:6000:d:45fd:82b3:9e82:c33a! Allowed networks: 127.0.0.1, ::1, 127.0.0.0/127.255.255.255


Started GET "/assets/application.self-e80e8f2318043e8af94dddc2adad5a4f09739a8ebb323b3ab31cd71d45fd9113.css?body=1" for 2607:f140:6000:d:45fd:82b3:9e82:c33a at 2022-10-05 22:37:50 +0000
Cannot render console from 2607:f140:6000:d:45fd:82b3:9e82:c33a! Allowed networks: 127.0.0.1, ::1, 127.0.0.0/127.255.255.255


Started GET "/assets/jquery.self-bd7ddd393353a8d2480a622e80342adf488fb6006d667e8b42e4c0073393abee.js?body=1" for 2607:f140:6000:d:45fd:82b3:9e82:c33a at 2022-10-05 22:37:50 +0000
Cannot render console from 2607:f140:6000:d:45fd:82b3:9e82:c33a! Allowed networks: 127.0.0.1, ::1, 127.0.0.0/127.255.255.255


Started GET "/assets/jquery_ujs.self-784a997f6726036b1993eb2217c9cb558e1cbb801c6da88105588c56f13b466a.js?body=1" for 2607:f140:6000:d:45fd:82b3:9e82:c33a at 2022-10-05 22:37:50 +0000
Cannot render console from 2607:f140:6000:d:45fd:82b3:9e82:c33a! Allowed networks: 127.0.0.1, ::1, 127.0.0.0/127.255.255.255


Started GET "/" for 2607:f140:6000:d:45fd:82b3:9e82:c33a at 2022-10-06 00:39:48 +0000
Cannot render console from 2607:f140:6000:d:45fd:82b3:9e82:c33a! Allowed networks: 127.0.0.1, ::1, 127.0.0.0/127.255.255.255
  [1m[36mActiveRecord::SchemaMigration Load (0.1ms)[0m  [1mSELECT "schema_migrations".* FROM "schema_migrations"[0m
Processing by MoviesController#index as HTML
Completed 500 Internal Server Error in 4ms (ActiveRecord: 0.0ms)

NoMethodError (undefined method `all' for Movie:Class):
  app/controllers/movies_controller.rb:10:in `index'


  Rendered /home/codio/.rvm/gems/ruby-2.6.6/gems/actionpack-4.2.11/lib/action_dispatch/middleware/templates/rescues/_source.erb (11.7ms)
  Rendered /home/codio/.rvm/gems/ruby-2.6.6/gems/actionpack-4.2.11/lib/action_dispatch/middleware/templates/rescues/_trace.html.erb (2.9ms)
  Rendered /home/codio/.rvm/gems/ruby-2.6.6/gems/actionpack-4.2.11/lib/action_dispatch/middleware/templates/rescues/_request_and_response.html.erb (10.4ms)
  Rendered /home/codio/.rvm/gems/ruby-2.6.6/gems/actionpack-4.2.11/lib/action_dispatch/middleware/templates/rescues/diagnostics.html.erb within rescues/layout (40.2ms)


Started GET "/" for 2607:f140:6000:d:45fd:82b3:9e82:c33a at 2022-10-06 00:43:43 +0000
Cannot render console from 2607:f140:6000:d:45fd:82b3:9e82:c33a! Allowed networks: 127.0.0.1, ::1, 127.0.0.0/127.255.255.255
  [1m[36mActiveRecord::SchemaMigration Load (0.1ms)[0m  [1mSELECT "schema_migrations".* FROM "schema_migrations"[0m
Processing by MoviesController#index as HTML
  Rendered movies/index.html.erb within layouts/application (7.1ms)
Completed 500 Internal Server Error in 20ms (ActiveRecord: 0.0ms)

ActionView::Template::Error (undefined method `include?' for nil:NilClass):
     8:   <% @all_ratings.each do |rating| %>
     9:     <div class="form-check  form-check-inline">
    10:       <%= label_tag "ratings[#{rating}]", rating, class: 'form-check-label' %>
    11:       <%= check_box_tag "ratings[#{rating}]", "1",  @ratings_to_show.include?(rating), class: 'form-check-input' %>
    12:     </div>
    13:   <% end %>
    14:   <%= submit_tag 'Refresh', id: 'ratings_submit', class: 'btn btn-primary' %>
  app/views/movies/index.html.erb:11:in `block (2 levels) in _app_views_movies_index_html_erb__3437918491469978781_69908919025280'
  app/views/movies/index.html.erb:8:in `each'
  app/views/movies/index.html.erb:8:in `block in _app_views_movies_index_html_erb__3437918491469978781_69908919025280'
  app/views/movies/index.html.erb:6:in `_app_views_movies_index_html_erb__3437918491469978781_69908919025280'


  Rendered /home/codio/.rvm/gems/ruby-2.6.6/gems/actionpack-4.2.11/lib/action_dispatch/middleware/templates/rescues/_source.erb (12.8ms)
  Rendered /home/codio/.rvm/gems/ruby-2.6.6/gems/actionpack-4.2.11/lib/action_dispatch/middleware/templates/rescues/_trace.html.erb (3.8ms)
  Rendered /home/codio/.rvm/gems/ruby-2.6.6/gems/actionpack-4.2.11/lib/action_dispatch/middleware/templates/rescues/_request_and_response.html.erb (9.0ms)
  Rendered /home/codio/.rvm/gems/ruby-2.6.6/gems/actionpack-4.2.11/lib/action_dispatch/middleware/templates/rescues/template_error.html.erb within rescues/layout (36.8ms)


Started GET "/" for 2607:f140:6000:d:45fd:82b3:9e82:c33a at 2022-10-06 00:47:49 +0000
Cannot render console from 2607:f140:6000:d:45fd:82b3:9e82:c33a! Allowed networks: 127.0.0.1, ::1, 127.0.0.0/127.255.255.255
  [1m[36mActiveRecord::SchemaMigration Load (0.1ms)[0m  [1mSELECT "schema_migrations".* FROM "schema_migrations"[0m
Processing by MoviesController#index as HTML
  Rendered movies/index.html.erb within layouts/application (6.8ms)
Completed 500 Internal Server Error in 18ms (ActiveRecord: 0.0ms)

ActionView::Template::Error (undefined method `include?' for nil:NilClass):
     8:   <% @all_ratings.each do |rating| %>
     9:     <div class="form-check  form-check-inline">
    10:       <%= label_tag "ratings[#{rating}]", rating, class: 'form-check-label' %>
    11:       <%= check_box_tag "ratings[#{rating}]", "1",  @ratings_to_show.include?(rating), class: 'form-check-input' %>
    12:     </div>
    13:   <% end %>
    14:   <%= submit_tag 'Refresh', id: 'ratings_submit', class: 'btn btn-primary' %>
  app/views/movies/index.html.erb:11:in `block (2 levels) in _app_views_movies_index_html_erb___3718049766330133732_69963579305380'
  app/views/movies/index.html.erb:8:in `each'
  app/views/movies/index.html.erb:8:in `block in _app_views_movies_index_html_erb___3718049766330133732_69963579305380'
  app/views/movies/index.html.erb:6:in `_app_views_movies_index_html_erb___3718049766330133732_69963579305380'


  Rendered /home/codio/.rvm/gems/ruby-2.6.6/gems/actionpack-4.2.11/lib/action_dispatch/middleware/templates/rescues/_source.erb (8.2ms)
  Rendered /home/codio/.rvm/gems/ruby-2.6.6/gems/actionpack-4.2.11/lib/action_dispatch/middleware/templates/rescues/_trace.html.erb (3.4ms)
  Rendered /home/codio/.rvm/gems/ruby-2.6.6/gems/actionpack-4.2.11/lib/action_dispatch/middleware/templates/rescues/_request_and_response.html.erb (8.7ms)
  Rendered /home/codio/.rvm/gems/ruby-2.6.6/gems/actionpack-4.2.11/lib/action_dispatch/middleware/templates/rescues/template_error.html.erb within rescues/layout (31.8ms)


Started GET "/" for 2607:f140:6000:d:45fd:82b3:9e82:c33a at 2022-10-06 01:09:53 +0000
Cannot render console from 2607:f140:6000:d:45fd:82b3:9e82:c33a! Allowed networks: 127.0.0.1, ::1, 127.0.0.0/127.255.255.255
  [1m[36mActiveRecord::SchemaMigration Load (0.1ms)[0m  [1mSELECT "schema_migrations".* FROM "schema_migrations"[0m
Processing by MoviesController#index as HTML
Completed 500 Internal Server Error in 2ms (ActiveRecord: 0.0ms)

NoMethodError (undefined method `keys' for nil:NilClass):
  app/controllers/movies_controller.rb:12:in `index'


  Rendered /home/codio/.rvm/gems/ruby-2.6.6/gems/actionpack-4.2.11/lib/action_dispatch/middleware/templates/rescues/_source.erb (4.4ms)
  Rendered /home/codio/.rvm/gems/ruby-2.6.6/gems/actionpack-4.2.11/lib/action_dispatch/middleware/templates/rescues/_trace.html.erb (2.0ms)
  Rendered /home/codio/.rvm/gems/ruby-2.6.6/gems/actionpack-4.2.11/lib/action_dispatch/middleware/templates/rescues/_request_and_response.html.erb (6.5ms)
  Rendered /home/codio/.rvm/gems/ruby-2.6.6/gems/actionpack-4.2.11/lib/action_dispatch/middleware/templates/rescues/diagnostics.html.erb within rescues/layout (23.2ms)


Started GET "/" for 2607:f140:6000:d:45fd:82b3:9e82:c33a at 2022-10-06 01:15:10 +0000
Cannot render console from 2607:f140:6000:d:45fd:82b3:9e82:c33a! Allowed networks: 127.0.0.1, ::1, 127.0.0.0/127.255.255.255
  [1m[36mActiveRecord::SchemaMigration Load (0.1ms)[0m  [1mSELECT "schema_migrations".* FROM "schema_migrations"[0m
Processing by MoviesController#index as HTML
  Rendered movies/index.html.erb within layouts/application (4.9ms)
Completed 500 Internal Server Error in 15ms (ActiveRecord: 0.0ms)

ActionView::Template::Error (undefined method `include?' for nil:NilClass):
     8:   <% @all_ratings.each do |rating| %>
     9:     <div class="form-check  form-check-inline">
    10:       <%= label_tag "ratings[#{rating}]", rating, class: 'form-check-label' %>
    11:       <%= check_box_tag "ratings[#{rating}]", "1",  @ratings_to_show.include?(rating), class: 'form-check-input' %>
    12:     </div>
    13:   <% end %>
    14:   <%= submit_tag 'Refresh', id: 'ratings_submit', class: 'btn btn-primary' %>
  app/views/movies/index.html.erb:11:in `block (2 levels) in _app_views_movies_index_html_erb___414909332318109958_69927541499040'
  app/views/movies/index.html.erb:8:in `each'
  app/views/movies/index.html.erb:8:in `block in _app_views_movies_index_html_erb___414909332318109958_69927541499040'
  app/views/movies/index.html.erb:6:in `_app_views_movies_index_html_erb___414909332318109958_69927541499040'


  Rendered /home/codio/.rvm/gems/ruby-2.6.6/gems/actionpack-4.2.11/lib/action_dispatch/middleware/templates/rescues/_source.erb (6.4ms)
  Rendered /home/codio/.rvm/gems/ruby-2.6.6/gems/actionpack-4.2.11/lib/action_dispatch/middleware/templates/rescues/_trace.html.erb (3.6ms)
  Rendered /home/codio/.rvm/gems/ruby-2.6.6/gems/actionpack-4.2.11/lib/action_dispatch/middleware/templates/rescues/_request_and_response.html.erb (6.5ms)
  Rendered /home/codio/.rvm/gems/ruby-2.6.6/gems/actionpack-4.2.11/lib/action_dispatch/middleware/templates/rescues/template_error.html.erb within rescues/layout (25.3ms)


Started GET "/" for 2607:f140:6000:d:45fd:82b3:9e82:c33a at 2022-10-06 01:24:41 +0000
Cannot render console from 2607:f140:6000:d:45fd:82b3:9e82:c33a! Allowed networks: 127.0.0.1, ::1, 127.0.0.0/127.255.255.255
  [1m[36mActiveRecord::SchemaMigration Load (0.2ms)[0m  [1mSELECT "schema_migrations".* FROM "schema_migrations"[0m
Processing by MoviesController#index as HTML
  Rendered movies/index.html.erb within layouts/application (8.6ms)
Completed 500 Internal Server Error in 26ms (ActiveRecord: 0.0ms)

ActionView::Template::Error (undefined method `include?' for nil:NilClass):
     8:   <% @all_ratings.each do |rating| %>
     9:     <div class="form-check  form-check-inline">
    10:       <%= label_tag "ratings[#{rating}]", rating, class: 'form-check-label' %>
    11:       <%= check_box_tag "ratings[#{rating}]", "1",  @ratings_to_show.include?(rating), class: 'form-check-input' %>
    12:     </div>
    13:   <% end %>
    14:   <%= submit_tag 'Refresh', id: 'ratings_submit', class: 'btn btn-primary' %>
  app/views/movies/index.html.erb:11:in `block (2 levels) in _app_views_movies_index_html_erb___943445966056477846_70150074836060'
  app/views/movies/index.html.erb:8:in `each'
  app/views/movies/index.html.erb:8:in `block in _app_views_movies_index_html_erb___943445966056477846_70150074836060'
  app/views/movies/index.html.erb:6:in `_app_views_movies_index_html_erb___943445966056477846_70150074836060'


  Rendered /home/codio/.rvm/gems/ruby-2.6.6/gems/actionpack-4.2.11/lib/action_dispatch/middleware/templates/rescues/_source.erb (11.5ms)
  Rendered /home/codio/.rvm/gems/ruby-2.6.6/gems/actionpack-4.2.11/lib/action_dispatch/middleware/templates/rescues/_trace.html.erb (5.4ms)
  Rendered /home/codio/.rvm/gems/ruby-2.6.6/gems/actionpack-4.2.11/lib/action_dispatch/middleware/templates/rescues/_request_and_response.html.erb (9.7ms)
  Rendered /home/codio/.rvm/gems/ruby-2.6.6/gems/actionpack-4.2.11/lib/action_dispatch/middleware/templates/rescues/template_error.html.erb within rescues/layout (39.0ms)


Started GET "/" for 2607:f140:6000:d:45fd:82b3:9e82:c33a at 2022-10-06 01:47:50 +0000
Cannot render console from 2607:f140:6000:d:45fd:82b3:9e82:c33a! Allowed networks: 127.0.0.1, ::1, 127.0.0.0/127.255.255.255
  [1m[36mActiveRecord::SchemaMigration Load (0.2ms)[0m  [1mSELECT "schema_migrations".* FROM "schema_migrations"[0m

SyntaxError (/home/codio/workspace/rottenpotatoes-rails-intro/app/controllers/movies_controller.rb:54: syntax error, unexpected end-of-input, expecting end):
  app/controllers/movies_controller.rb:54: syntax error, unexpected end-of-input, expecting end


  Rendered /home/codio/.rvm/gems/ruby-2.6.6/gems/actionpack-4.2.11/lib/action_dispatch/middleware/templates/rescues/_source.erb (5.4ms)
  Rendered /home/codio/.rvm/gems/ruby-2.6.6/gems/actionpack-4.2.11/lib/action_dispatch/middleware/templates/rescues/_trace.html.erb (2.5ms)
  Rendered /home/codio/.rvm/gems/ruby-2.6.6/gems/actionpack-4.2.11/lib/action_dispatch/middleware/templates/rescues/_request_and_response.html.erb (9.2ms)
  Rendered /home/codio/.rvm/gems/ruby-2.6.6/gems/actionpack-4.2.11/lib/action_dispatch/middleware/templates/rescues/diagnostics.html.erb within rescues/layout (31.4ms)


Started GET "/" for 2607:f140:6000:d:45fd:82b3:9e82:c33a at 2022-10-06 01:48:27 +0000
Cannot render console from 2607:f140:6000:d:45fd:82b3:9e82:c33a! Allowed networks: 127.0.0.1, ::1, 127.0.0.0/127.255.255.255
  [1m[36mActiveRecord::SchemaMigration Load (0.2ms)[0m  [1mSELECT "schema_migrations".* FROM "schema_migrations"[0m
Processing by MoviesController#index as HTML
Completed 500 Internal Server Error in 4ms (ActiveRecord: 0.0ms)

NoMethodError (undefined method `has' for {"controller"=>"movies", "action"=>"index"}:ActionController::Parameters
Did you mean?  hash):
  app/controllers/movies_controller.rb:12:in `index'


  Rendered /home/codio/.rvm/gems/ruby-2.6.6/gems/actionpack-4.2.11/lib/action_dispatch/middleware/templates/rescues/_source.erb (5.9ms)
  Rendered /home/codio/.rvm/gems/ruby-2.6.6/gems/actionpack-4.2.11/lib/action_dispatch/middleware/templates/rescues/_trace.html.erb (2.9ms)
  Rendered /home/codio/.rvm/gems/ruby-2.6.6/gems/actionpack-4.2.11/lib/action_dispatch/middleware/templates/rescues/_request_and_response.html.erb (8.8ms)
  Rendered /home/codio/.rvm/gems/ruby-2.6.6/gems/actionpack-4.2.11/lib/action_dispatch/middleware/templates/rescues/diagnostics.html.erb within rescues/layout (33.0ms)


Started GET "/" for 2607:f140:6000:d:45fd:82b3:9e82:c33a at 2022-10-06 01:49:05 +0000
Cannot render console from 2607:f140:6000:d:45fd:82b3:9e82:c33a! Allowed networks: 127.0.0.1, ::1, 127.0.0.0/127.255.255.255
  [1m[36mActiveRecord::SchemaMigration Load (0.1ms)[0m  [1mSELECT "schema_migrations".* FROM "schema_migrations"[0m
Processing by MoviesController#index as HTML
  [1m[35mMovie Load (5.8ms)[0m  SELECT "movies".* FROM "movies"
  Rendered movies/index.html.erb within layouts/application (19.2ms)
  Rendered layouts/_flash.erb (0.6ms)
Completed 200 OK in 400ms (Views: 391.7ms | ActiveRecord: 6.3ms)


Started GET "/" for 2607:f140:6000:d:45fd:82b3:9e82:c33a at 2022-10-06 03:19:53 +0000
Cannot render console from 2607:f140:6000:d:45fd:82b3:9e82:c33a! Allowed networks: 127.0.0.1, ::1, 127.0.0.0/127.255.255.255
  [1m[36mActiveRecord::SchemaMigration Load (0.2ms)[0m  [1mSELECT "schema_migrations".* FROM "schema_migrations"[0m

SyntaxError (/home/codio/workspace/rottenpotatoes-rails-intro/app/controllers/movies_controller.rb:63: syntax error, unexpected end-of-input, expecting end):
  app/controllers/movies_controller.rb:63: syntax error, unexpected end-of-input, expecting end


  Rendered /home/codio/.rvm/gems/ruby-2.6.6/gems/actionpack-4.2.11/lib/action_dispatch/middleware/templates/rescues/_source.erb (5.3ms)
  Rendered /home/codio/.rvm/gems/ruby-2.6.6/gems/actionpack-4.2.11/lib/action_dispatch/middleware/templates/rescues/_trace.html.erb (2.8ms)
  Rendered /home/codio/.rvm/gems/ruby-2.6.6/gems/actionpack-4.2.11/lib/action_dispatch/middleware/templates/rescues/_request_and_response.html.erb (12.9ms)
  Rendered /home/codio/.rvm/gems/ruby-2.6.6/gems/actionpack-4.2.11/lib/action_dispatch/middleware/templates/rescues/diagnostics.html.erb within rescues/layout (36.8ms)


Started GET "/" for 2607:f140:6000:d:45fd:82b3:9e82:c33a at 2022-10-06 03:20:41 +0000
Cannot render console from 2607:f140:6000:d:45fd:82b3:9e82:c33a! Allowed networks: 127.0.0.1, ::1, 127.0.0.0/127.255.255.255
  [1m[36mActiveRecord::SchemaMigration Load (0.2ms)[0m  [1mSELECT "schema_migrations".* FROM "schema_migrations"[0m
Processing by MoviesController#index as HTML
  Rendered movies/index.html.erb within layouts/application (3.0ms)
Completed 500 Internal Server Error in 18ms (ActiveRecord: 0.0ms)

SyntaxError (/home/codio/workspace/rottenpotatoes-rails-intro/app/views/movies/index.html.erb:23: syntax error, unexpected '<', expecting ')'
      </th>
      ^
/home/codio/workspace/rottenpotatoes-rails-intro/app/views/movies/index.html.erb:24: unknown regexp options - th
/home/codio/workspace/rottenpotatoes-rails-intro/app/views/movies/index.html.erb:25: syntax error, unexpected '<'
      <th class="'.freeze;@output_bu...
      ^
/home/codio/workspace/rottenpotatoes-rails-intro/app/views/movies/index.html.erb:26: syntax error, unexpected tIDENTIFIER, expecting ')'
...h), :id => 'release_date_header' );@output_buffer.safe_appen...
...            ^~~~~~~~~~~~~~~~~~~
/home/codio/workspace/rottenpotatoes-rails-intro/app/views/movies/index.html.erb:27: syntax error, unexpected '<', expecting ')'
      </th>
      ^
/home/codio/workspace/rottenpotatoes-rails-intro/app/views/movies/index.html.erb:28: unknown regexp options - th
/home/codio/workspace/rottenpotatoes-rails-intro/app/views/movies/index.html.erb:29: syntax error, unexpected '<'
    </tr>
    ^
/home/codio/workspace/rottenpotatoes-rails-intro/app/views/movies/index.html.erb:30: unknown regexp options - thad
/home/codio/workspace/rottenpotatoes-rails-intro/app/views/movies/index.html.erb:31: syntax error, unexpected '<'
  <tbody>
  ^
/home/codio/workspace/rottenpotatoes-rails-intro/app/views/movies/index.html.erb:34: syntax error, unexpected '<'
        <td>
        ^
/home/codio/workspace/rottenpotatoes-rails-intro/app/views/movies/index.html.erb:36: syntax error, unexpected '<', expecting ')'
        </td>
        ^
/home/codio/workspace/rottenpotatoes-rails-intro/app/views/movies/index.html.erb:39: unknown regexp options - td
/home/codio/workspace/rottenpotatoes-rails-intro/app/views/movies/index.html.erb:40: syntax error, unexpected '<'
        <td>
        ^
/home/codio/workspace/rottenpotatoes-rails-intro/app/views/movies/index.html.erb:42: syntax error, unexpected '<', expecting ')'
        </td>
        ^
/home/codio/workspace/rottenpotatoes-rails-intro/app/views/movies/index.html.erb:45: unknown regexp options - td
/home/codio/workspace/rottenpotatoes-rails-intro/app/views/movies/index.html.erb:46: syntax error, unexpected '<'
      </tr>
      ^
/home/codio/workspace/rottenpotatoes-rails-intro/app/views/movies/index.html.erb:48: unknown regexp options - tbdy
/home/codio/workspace/rottenpotatoes-rails-intro/app/views/movies/index.html.erb:49: syntax error, unexpected '<'
</table>
^
/home/codio/workspace/rottenpotatoes-rails-intro/app/views/movies/index.html.erb:53: unterminated regexp meets end of file
          end
              ^
/home/codio/workspace/rottenpotatoes-rails-intro/app/views/movies/index.html.erb:53: syntax error, unexpected end-of-input, expecting ')'):
  app/views/movies/index.html.erb:23: syntax error, unexpected '<', expecting ')'
  app/views/movies/index.html.erb:24: unknown regexp options - th
  app/views/movies/index.html.erb:25: syntax error, unexpected '<'
  app/views/movies/index.html.erb:26: syntax error, unexpected tIDENTIFIER, expecting ')'
  app/views/movies/index.html.erb:27: syntax error, unexpected '<', expecting ')'
  app/views/movies/index.html.erb:28: unknown regexp options - th
  app/views/movies/index.html.erb:29: syntax error, unexpected '<'
  app/views/movies/index.html.erb:30: unknown regexp options - thad
  app/views/movies/index.html.erb:31: syntax error, unexpected '<'
  app/views/movies/index.html.erb:34: syntax error, unexpected '<'
  app/views/movies/index.html.erb:36: syntax error, unexpected '<', expecting ')'
  app/views/movies/index.html.erb:39: unknown regexp options - td
  app/views/movies/index.html.erb:40: syntax error, unexpected '<'
  app/views/movies/index.html.erb:42: syntax error, unexpected '<', expecting ')'
  app/views/movies/index.html.erb:45: unknown regexp options - td
  app/views/movies/index.html.erb:46: syntax error, unexpected '<'
  app/views/movies/index.html.erb:48: unknown regexp options - tbdy
  app/views/movies/index.html.erb:49: syntax error, unexpected '<'
  app/views/movies/index.html.erb:53: unterminated regexp meets end of file
  app/views/movies/index.html.erb:53: syntax error, unexpected end-of-input, expecting ')'


  Rendered /home/codio/.rvm/gems/ruby-2.6.6/gems/actionpack-4.2.11/lib/action_dispatch/middleware/templates/rescues/_source.erb (9.8ms)
  Rendered /home/codio/.rvm/gems/ruby-2.6.6/gems/actionpack-4.2.11/lib/action_dispatch/middleware/templates/rescues/_trace.html.erb (4.3ms)
  Rendered /home/codio/.rvm/gems/ruby-2.6.6/gems/actionpack-4.2.11/lib/action_dispatch/middleware/templates/rescues/_request_and_response.html.erb (9.0ms)
  Rendered /home/codio/.rvm/gems/ruby-2.6.6/gems/actionpack-4.2.11/lib/action_dispatch/middleware/templates/rescues/diagnostics.html.erb within rescues/layout (36.4ms)


Started GET "/" for 2607:f140:6000:d:dcb:8941:ee65:406b at 2022-10-06 04:39:37 +0000
Cannot render console from 2607:f140:6000:d:dcb:8941:ee65:406b! Allowed networks: 127.0.0.1, ::1, 127.0.0.0/127.255.255.255
  [1m[36mActiveRecord::SchemaMigration Load (0.2ms)[0m  [1mSELECT "schema_migrations".* FROM "schema_migrations"[0m
Processing by MoviesController#index as HTML
  Rendered movies/index.html.erb within layouts/application (2.7ms)
Completed 500 Internal Server Error in 15ms (ActiveRecord: 0.0ms)

SyntaxError (/home/codio/workspace/rottenpotatoes-rails-intro/app/views/movies/index.html.erb:23: syntax error, unexpected '<', expecting ')'
      </th>
      ^
/home/codio/workspace/rottenpotatoes-rails-intro/app/views/movies/index.html.erb:24: unknown regexp options - th
/home/codio/workspace/rottenpotatoes-rails-intro/app/views/movies/index.html.erb:25: syntax error, unexpected '<'
      <th class="'.freeze;@output_bu...
      ^
/home/codio/workspace/rottenpotatoes-rails-intro/app/views/movies/index.html.erb:26: syntax error, unexpected tIDENTIFIER, expecting ')'
...h), :id => 'release_date_header' );@output_buffer.safe_appen...
...            ^~~~~~~~~~~~~~~~~~~
/home/codio/workspace/rottenpotatoes-rails-intro/app/views/movies/index.html.erb:27: syntax error, unexpected '<', expecting ')'
      </th>
      ^
/home/codio/workspace/rottenpotatoes-rails-intro/app/views/movies/index.html.erb:28: unknown regexp options - th
/home/codio/workspace/rottenpotatoes-rails-intro/app/views/movies/index.html.erb:29: syntax error, unexpected '<'
    </tr>
    ^
/home/codio/workspace/rottenpotatoes-rails-intro/app/views/movies/index.html.erb:30: unknown regexp options - thad
/home/codio/workspace/rottenpotatoes-rails-intro/app/views/movies/index.html.erb:31: syntax error, unexpected '<'
  <tbody>
  ^
/home/codio/workspace/rottenpotatoes-rails-intro/app/views/movies/index.html.erb:34: syntax error, unexpected '<'
        <td>
        ^
/home/codio/workspace/rottenpotatoes-rails-intro/app/views/movies/index.html.erb:36: syntax error, unexpected '<', expecting ')'
        </td>
        ^
/home/codio/workspace/rottenpotatoes-rails-intro/app/views/movies/index.html.erb:39: unknown regexp options - td
/home/codio/workspace/rottenpotatoes-rails-intro/app/views/movies/index.html.erb:40: syntax error, unexpected '<'
        <td>
        ^
/home/codio/workspace/rottenpotatoes-rails-intro/app/views/movies/index.html.erb:42: syntax error, unexpected '<', expecting ')'
        </td>
        ^
/home/codio/workspace/rottenpotatoes-rails-intro/app/views/movies/index.html.erb:45: unknown regexp options - td
/home/codio/workspace/rottenpotatoes-rails-intro/app/views/movies/index.html.erb:46: syntax error, unexpected '<'
      </tr>
      ^
/home/codio/workspace/rottenpotatoes-rails-intro/app/views/movies/index.html.erb:48: unknown regexp options - tbdy
/home/codio/workspace/rottenpotatoes-rails-intro/app/views/movies/index.html.erb:49: syntax error, unexpected '<'
</table>
^
/home/codio/workspace/rottenpotatoes-rails-intro/app/views/movies/index.html.erb:53: unterminated regexp meets end of file
          end
              ^
/home/codio/workspace/rottenpotatoes-rails-intro/app/views/movies/index.html.erb:53: syntax error, unexpected end-of-input, expecting ')'):
  app/views/movies/index.html.erb:23: syntax error, unexpected '<', expecting ')'
  app/views/movies/index.html.erb:24: unknown regexp options - th
  app/views/movies/index.html.erb:25: syntax error, unexpected '<'
  app/views/movies/index.html.erb:26: syntax error, unexpected tIDENTIFIER, expecting ')'
  app/views/movies/index.html.erb:27: syntax error, unexpected '<', expecting ')'
  app/views/movies/index.html.erb:28: unknown regexp options - th
  app/views/movies/index.html.erb:29: syntax error, unexpected '<'
  app/views/movies/index.html.erb:30: unknown regexp options - thad
  app/views/movies/index.html.erb:31: syntax error, unexpected '<'
  app/views/movies/index.html.erb:34: syntax error, unexpected '<'
  app/views/movies/index.html.erb:36: syntax error, unexpected '<', expecting ')'
  app/views/movies/index.html.erb:39: unknown regexp options - td
  app/views/movies/index.html.erb:40: syntax error, unexpected '<'
  app/views/movies/index.html.erb:42: syntax error, unexpected '<', expecting ')'
  app/views/movies/index.html.erb:45: unknown regexp options - td
  app/views/movies/index.html.erb:46: syntax error, unexpected '<'
  app/views/movies/index.html.erb:48: unknown regexp options - tbdy
  app/views/movies/index.html.erb:49: syntax error, unexpected '<'
  app/views/movies/index.html.erb:53: unterminated regexp meets end of file
  app/views/movies/index.html.erb:53: syntax error, unexpected end-of-input, expecting ')'


  Rendered /home/codio/.rvm/gems/ruby-2.6.6/gems/actionpack-4.2.11/lib/action_dispatch/middleware/templates/rescues/_source.erb (10.5ms)
  Rendered /home/codio/.rvm/gems/ruby-2.6.6/gems/actionpack-4.2.11/lib/action_dispatch/middleware/templates/rescues/_trace.html.erb (4.4ms)
  Rendered /home/codio/.rvm/gems/ruby-2.6.6/gems/actionpack-4.2.11/lib/action_dispatch/middleware/templates/rescues/_request_and_response.html.erb (9.2ms)
  Rendered /home/codio/.rvm/gems/ruby-2.6.6/gems/actionpack-4.2.11/lib/action_dispatch/middleware/templates/rescues/diagnostics.html.erb within rescues/layout (39.5ms)


Started GET "/" for 2607:f140:6000:d:dcb:8941:ee65:406b at 2022-10-06 04:49:48 +0000
Cannot render console from 2607:f140:6000:d:dcb:8941:ee65:406b! Allowed networks: 127.0.0.1, ::1, 127.0.0.0/127.255.255.255
Processing by MoviesController#index as HTML
  Rendered movies/index.html.erb within layouts/application (1.4ms)
Completed 500 Internal Server Error in 3ms (ActiveRecord: 0.0ms)

SyntaxError (/home/codio/workspace/rottenpotatoes-rails-intro/app/views/movies/index.html.erb:23: syntax error, unexpected '<', expecting ')'
      </th>
      ^
/home/codio/workspace/rottenpotatoes-rails-intro/app/views/movies/index.html.erb:24: unknown regexp options - th
/home/codio/workspace/rottenpotatoes-rails-intro/app/views/movies/index.html.erb:25: syntax error, unexpected '<'
      <th class="'.freeze;@output_bu...
      ^
/home/codio/workspace/rottenpotatoes-rails-intro/app/views/movies/index.html.erb:26: syntax error, unexpected tIDENTIFIER, expecting ')'
...h), :id => 'release_date_header' );@output_buffer.safe_appen...
...            ^~~~~~~~~~~~~~~~~~~
/home/codio/workspace/rottenpotatoes-rails-intro/app/views/movies/index.html.erb:27: syntax error, unexpected '<', expecting ')'
      </th>
      ^
/home/codio/workspace/rottenpotatoes-rails-intro/app/views/movies/index.html.erb:28: unknown regexp options - th
/home/codio/workspace/rottenpotatoes-rails-intro/app/views/movies/index.html.erb:29: syntax error, unexpected '<'
    </tr>
    ^
/home/codio/workspace/rottenpotatoes-rails-intro/app/views/movies/index.html.erb:30: unknown regexp options - thad
/home/codio/workspace/rottenpotatoes-rails-intro/app/views/movies/index.html.erb:31: syntax error, unexpected '<'
  <tbody>
  ^
/home/codio/workspace/rottenpotatoes-rails-intro/app/views/movies/index.html.erb:34: syntax error, unexpected '<'
        <td>
        ^
/home/codio/workspace/rottenpotatoes-rails-intro/app/views/movies/index.html.erb:36: syntax error, unexpected '<', expecting ')'
        </td>
        ^
/home/codio/workspace/rottenpotatoes-rails-intro/app/views/movies/index.html.erb:39: unknown regexp options - td
/home/codio/workspace/rottenpotatoes-rails-intro/app/views/movies/index.html.erb:40: syntax error, unexpected '<'
        <td>
        ^
/home/codio/workspace/rottenpotatoes-rails-intro/app/views/movies/index.html.erb:42: syntax error, unexpected '<', expecting ')'
        </td>
        ^
/home/codio/workspace/rottenpotatoes-rails-intro/app/views/movies/index.html.erb:45: unknown regexp options - td
/home/codio/workspace/rottenpotatoes-rails-intro/app/views/movies/index.html.erb:46: syntax error, unexpected '<'
      </tr>
      ^
/home/codio/workspace/rottenpotatoes-rails-intro/app/views/movies/index.html.erb:48: unknown regexp options - tbdy
/home/codio/workspace/rottenpotatoes-rails-intro/app/views/movies/index.html.erb:49: syntax error, unexpected '<'
</table>
^
/home/codio/workspace/rottenpotatoes-rails-intro/app/views/movies/index.html.erb:53: unterminated regexp meets end of file
          end
              ^
/home/codio/workspace/rottenpotatoes-rails-intro/app/views/movies/index.html.erb:53: syntax error, unexpected end-of-input, expecting ')'):
  app/views/movies/index.html.erb:23: syntax error, unexpected '<', expecting ')'
  app/views/movies/index.html.erb:24: unknown regexp options - th
  app/views/movies/index.html.erb:25: syntax error, unexpected '<'
  app/views/movies/index.html.erb:26: syntax error, unexpected tIDENTIFIER, expecting ')'
  app/views/movies/index.html.erb:27: syntax error, unexpected '<', expecting ')'
  app/views/movies/index.html.erb:28: unknown regexp options - th
  app/views/movies/index.html.erb:29: syntax error, unexpected '<'
  app/views/movies/index.html.erb:30: unknown regexp options - thad
  app/views/movies/index.html.erb:31: syntax error, unexpected '<'
  app/views/movies/index.html.erb:34: syntax error, unexpected '<'
  app/views/movies/index.html.erb:36: syntax error, unexpected '<', expecting ')'
  app/views/movies/index.html.erb:39: unknown regexp options - td
  app/views/movies/index.html.erb:40: syntax error, unexpected '<'
  app/views/movies/index.html.erb:42: syntax error, unexpected '<', expecting ')'
  app/views/movies/index.html.erb:45: unknown regexp options - td
  app/views/movies/index.html.erb:46: syntax error, unexpected '<'
  app/views/movies/index.html.erb:48: unknown regexp options - tbdy
  app/views/movies/index.html.erb:49: syntax error, unexpected '<'
  app/views/movies/index.html.erb:53: unterminated regexp meets end of file
  app/views/movies/index.html.erb:53: syntax error, unexpected end-of-input, expecting ')'


  Rendered /home/codio/.rvm/gems/ruby-2.6.6/gems/actionpack-4.2.11/lib/action_dispatch/middleware/templates/rescues/_source.erb (9.7ms)
  Rendered /home/codio/.rvm/gems/ruby-2.6.6/gems/actionpack-4.2.11/lib/action_dispatch/middleware/templates/rescues/_trace.html.erb (4.2ms)
  Rendered /home/codio/.rvm/gems/ruby-2.6.6/gems/actionpack-4.2.11/lib/action_dispatch/middleware/templates/rescues/_request_and_response.html.erb (1.2ms)
  Rendered /home/codio/.rvm/gems/ruby-2.6.6/gems/actionpack-4.2.11/lib/action_dispatch/middleware/templates/rescues/diagnostics.html.erb within rescues/layout (30.1ms)


Started GET "/" for 2607:f140:6000:d:dcb:8941:ee65:406b at 2022-10-06 04:53:40 +0000
Cannot render console from 2607:f140:6000:d:dcb:8941:ee65:406b! Allowed networks: 127.0.0.1, ::1, 127.0.0.0/127.255.255.255
  [1m[36mActiveRecord::SchemaMigration Load (0.1ms)[0m  [1mSELECT "schema_migrations".* FROM "schema_migrations"[0m
Processing by MoviesController#index as HTML
  Rendered movies/index.html.erb within layouts/application (2.4ms)
Completed 500 Internal Server Error in 13ms (ActiveRecord: 0.0ms)

SyntaxError (/home/codio/workspace/rottenpotatoes-rails-intro/app/views/movies/index.html.erb:23: syntax error, unexpected '<', expecting ')'
      </th>
      ^
/home/codio/workspace/rottenpotatoes-rails-intro/app/views/movies/index.html.erb:24: unknown regexp options - th
/home/codio/workspace/rottenpotatoes-rails-intro/app/views/movies/index.html.erb:25: syntax error, unexpected '<'
      <th class="'.freeze;@output_bu...
      ^
/home/codio/workspace/rottenpotatoes-rails-intro/app/views/movies/index.html.erb:26: syntax error, unexpected tIDENTIFIER, expecting ')'
...h), :id => 'release_date_header' );@output_buffer.safe_appen...
...            ^~~~~~~~~~~~~~~~~~~
/home/codio/workspace/rottenpotatoes-rails-intro/app/views/movies/index.html.erb:27: syntax error, unexpected '<', expecting ')'
      </th>
      ^
/home/codio/workspace/rottenpotatoes-rails-intro/app/views/movies/index.html.erb:28: unknown regexp options - th
/home/codio/workspace/rottenpotatoes-rails-intro/app/views/movies/index.html.erb:29: syntax error, unexpected '<'
    </tr>
    ^
/home/codio/workspace/rottenpotatoes-rails-intro/app/views/movies/index.html.erb:30: unknown regexp options - thad
/home/codio/workspace/rottenpotatoes-rails-intro/app/views/movies/index.html.erb:31: syntax error, unexpected '<'
  <tbody>
  ^
/home/codio/workspace/rottenpotatoes-rails-intro/app/views/movies/index.html.erb:34: syntax error, unexpected '<'
        <td>
        ^
/home/codio/workspace/rottenpotatoes-rails-intro/app/views/movies/index.html.erb:36: syntax error, unexpected '<', expecting ')'
        </td>
        ^
/home/codio/workspace/rottenpotatoes-rails-intro/app/views/movies/index.html.erb:39: unknown regexp options - td
/home/codio/workspace/rottenpotatoes-rails-intro/app/views/movies/index.html.erb:40: syntax error, unexpected '<'
        <td>
        ^
/home/codio/workspace/rottenpotatoes-rails-intro/app/views/movies/index.html.erb:42: syntax error, unexpected '<', expecting ')'
        </td>
        ^
/home/codio/workspace/rottenpotatoes-rails-intro/app/views/movies/index.html.erb:45: unknown regexp options - td
/home/codio/workspace/rottenpotatoes-rails-intro/app/views/movies/index.html.erb:46: syntax error, unexpected '<'
      </tr>
      ^
/home/codio/workspace/rottenpotatoes-rails-intro/app/views/movies/index.html.erb:48: unknown regexp options - tbdy
/home/codio/workspace/rottenpotatoes-rails-intro/app/views/movies/index.html.erb:49: syntax error, unexpected '<'
</table>
^
/home/codio/workspace/rottenpotatoes-rails-intro/app/views/movies/index.html.erb:53: unterminated regexp meets end of file
          end
              ^
/home/codio/workspace/rottenpotatoes-rails-intro/app/views/movies/index.html.erb:53: syntax error, unexpected end-of-input, expecting ')'):
  app/views/movies/index.html.erb:23: syntax error, unexpected '<', expecting ')'
  app/views/movies/index.html.erb:24: unknown regexp options - th
  app/views/movies/index.html.erb:25: syntax error, unexpected '<'
  app/views/movies/index.html.erb:26: syntax error, unexpected tIDENTIFIER, expecting ')'
  app/views/movies/index.html.erb:27: syntax error, unexpected '<', expecting ')'
  app/views/movies/index.html.erb:28: unknown regexp options - th
  app/views/movies/index.html.erb:29: syntax error, unexpected '<'
  app/views/movies/index.html.erb:30: unknown regexp options - thad
  app/views/movies/index.html.erb:31: syntax error, unexpected '<'
  app/views/movies/index.html.erb:34: syntax error, unexpected '<'
  app/views/movies/index.html.erb:36: syntax error, unexpected '<', expecting ')'
  app/views/movies/index.html.erb:39: unknown regexp options - td
  app/views/movies/index.html.erb:40: syntax error, unexpected '<'
  app/views/movies/index.html.erb:42: syntax error, unexpected '<', expecting ')'
  app/views/movies/index.html.erb:45: unknown regexp options - td
  app/views/movies/index.html.erb:46: syntax error, unexpected '<'
  app/views/movies/index.html.erb:48: unknown regexp options - tbdy
  app/views/movies/index.html.erb:49: syntax error, unexpected '<'
  app/views/movies/index.html.erb:53: unterminated regexp meets end of file
  app/views/movies/index.html.erb:53: syntax error, unexpected end-of-input, expecting ')'


  Rendered /home/codio/.rvm/gems/ruby-2.6.6/gems/actionpack-4.2.11/lib/action_dispatch/middleware/templates/rescues/_source.erb (9.5ms)
  Rendered /home/codio/.rvm/gems/ruby-2.6.6/gems/actionpack-4.2.11/lib/action_dispatch/middleware/templates/rescues/_trace.html.erb (4.2ms)
  Rendered /home/codio/.rvm/gems/ruby-2.6.6/gems/actionpack-4.2.11/lib/action_dispatch/middleware/templates/rescues/_request_and_response.html.erb (8.2ms)
  Rendered /home/codio/.rvm/gems/ruby-2.6.6/gems/actionpack-4.2.11/lib/action_dispatch/middleware/templates/rescues/diagnostics.html.erb within rescues/layout (33.2ms)


Started GET "/" for 2607:f140:6000:d:dcb:8941:ee65:406b at 2022-10-06 05:00:39 +0000
Cannot render console from 2607:f140:6000:d:dcb:8941:ee65:406b! Allowed networks: 127.0.0.1, ::1, 127.0.0.0/127.255.255.255
  [1m[36mActiveRecord::SchemaMigration Load (0.1ms)[0m  [1mSELECT "schema_migrations".* FROM "schema_migrations"[0m
Processing by MoviesController#index as HTML
  [1m[35mMovie Load (0.2ms)[0m  SELECT "movies".* FROM "movies"
  Rendered movies/index.html.erb within layouts/application (11.5ms)
  Rendered layouts/_flash.erb (0.5ms)
Completed 200 OK in 344ms (Views: 341.6ms | ActiveRecord: 0.6ms)


Started GET "/assets/application.self-b43f29cafce449379c61fecf74b225790eec36ce211377f53696c83cc9ccb606.css?body=1" for 2607:f140:6000:d:dcb:8941:ee65:406b at 2022-10-06 05:00:40 +0000
Cannot render console from 2607:f140:6000:d:dcb:8941:ee65:406b! Allowed networks: 127.0.0.1, ::1, 127.0.0.0/127.255.255.255


Started GET "/movies?sort_by=title" for 2607:f140:6000:d:dcb:8941:ee65:406b at 2022-10-06 05:00:45 +0000
Cannot render console from 2607:f140:6000:d:dcb:8941:ee65:406b! Allowed networks: 127.0.0.1, ::1, 127.0.0.0/127.255.255.255
Processing by MoviesController#index as HTML
  Parameters: {"sort_by"=>"title"}
  [1m[36mMovie Load (0.3ms)[0m  [1mSELECT "movies".* FROM "movies"  ORDER BY title[0m
  Rendered movies/index.html.erb within layouts/application (3.2ms)
  Rendered layouts/_flash.erb (0.1ms)
Completed 200 OK in 12ms (Views: 11.4ms | ActiveRecord: 0.3ms)


Started GET "/movies?sort_by=release_date" for 2607:f140:6000:d:dcb:8941:ee65:406b at 2022-10-06 05:00:47 +0000
Cannot render console from 2607:f140:6000:d:dcb:8941:ee65:406b! Allowed networks: 127.0.0.1, ::1, 127.0.0.0/127.255.255.255
Processing by MoviesController#index as HTML
  Parameters: {"sort_by"=>"release_date"}
  [1m[35mMovie Load (0.3ms)[0m  SELECT "movies".* FROM "movies"  ORDER BY release_date
  Rendered movies/index.html.erb within layouts/application (9.7ms)
  Rendered layouts/_flash.erb (0.1ms)
Completed 200 OK in 44ms (Views: 43.4ms | ActiveRecord: 0.3ms)


Started GET "/" for 2607:f140:6000:d:dcb:8941:ee65:406b at 2022-10-06 05:01:27 +0000
Cannot render console from 2607:f140:6000:d:dcb:8941:ee65:406b! Allowed networks: 127.0.0.1, ::1, 127.0.0.0/127.255.255.255
  [1m[36mActiveRecord::SchemaMigration Load (0.1ms)[0m  [1mSELECT "schema_migrations".* FROM "schema_migrations"[0m
Processing by MoviesController#index as HTML
  [1m[35mMovie Load (0.2ms)[0m  SELECT "movies".* FROM "movies"
  Rendered movies/index.html.erb within layouts/application (11.5ms)
  Rendered layouts/_flash.erb (0.6ms)
Completed 200 OK in 285ms (Views: 282.6ms | ActiveRecord: 0.5ms)


Started GET "/movies?sort_by=title" for 2607:f140:6000:d:dcb:8941:ee65:406b at 2022-10-06 05:01:30 +0000
Cannot render console from 2607:f140:6000:d:dcb:8941:ee65:406b! Allowed networks: 127.0.0.1, ::1, 127.0.0.0/127.255.255.255
Processing by MoviesController#index as HTML
  Parameters: {"sort_by"=>"title"}
  [1m[36mMovie Load (0.3ms)[0m  [1mSELECT "movies".* FROM "movies"  ORDER BY title[0m
  Rendered movies/index.html.erb within layouts/application (3.3ms)
  Rendered layouts/_flash.erb (0.1ms)
Completed 200 OK in 12ms (Views: 11.8ms | ActiveRecord: 0.3ms)
